<?xml version="1.0" encoding="UTF-8"?>
<!-- Generated by org.testng.reporters.JUnitReportReporter -->
<testsuite skipped="0" hostname="DESKTOP-QTGE18G" name="Oops.TestShape" tests="1" failures="0" timestamp="9 Mar 2017 07:29:02 GMT" time="0.096" errors="0">
  <testcase name="test_Shape_Rect" time="0.096" classname="Oops.TestShape"/>
</testsuite> <!-- Oops.TestShape -->
