<?xml version="1.0" encoding="UTF-8"?>
<!-- Generated by org.testng.reporters.JUnitReportReporter -->
<testsuite skipped="0" hostname="DESKTOP-QTGE18G" name="Test.Test_Exceptions" tests="2" failures="0" timestamp="28 Nov 2016 03:42:32 GMT" time="0.091" errors="0">
  <testcase name="test_Null_Pointer_Excep" time="0.031" classname="Test.Test_Exceptions"/>
  <testcase name="test_Thows_Exception" time="0.060" classname="Test.Test_Exceptions"/>
</testsuite> <!-- Test.Test_Exceptions -->
